2021-09-30T14:37:20+00:00 CRITICAL Uncaught Error: Call to undefined function get_the_contet() in C:\xampp\htdocs\Cooken\wp-content\themes\CookenTheme\templates\news.php:58
Stack trace:
#0 C:\xampp\htdocs\Cooken\wp-includes\template-loader.php(106): include()
#1 C:\xampp\htdocs\Cooken\wp-blog-header.php(19): require_once('C:\\xampp\\htdocs...')
#2 C:\xampp\htdocs\Cooken\index.php(17): require('C:\\xampp\\htdocs...')
#3 {main}
  thrown in C:\xampp\htdocs\Cooken\wp-content\themes\CookenTheme\templates\news.php on line 58

2021-09-30T14:37:41+00:00 CRITICAL Uncaught Error: Call to undefined function the_contet() in C:\xampp\htdocs\Cooken\wp-content\themes\CookenTheme\templates\news.php:58
Stack trace:
#0 C:\xampp\htdocs\Cooken\wp-includes\template-loader.php(106): include()
#1 C:\xampp\htdocs\Cooken\wp-blog-header.php(19): require_once('C:\\xampp\\htdocs...')
#2 C:\xampp\htdocs\Cooken\index.php(17): require('C:\\xampp\\htdocs...')
#3 {main}
  thrown in C:\xampp\htdocs\Cooken\wp-content\themes\CookenTheme\templates\news.php on line 58

2021-09-30T15:11:15+00:00 CRITICAL Unclosed '{' on line 89 in C:\xampp\htdocs\Cooken\wp-content\themes\CookenTheme\templates\news.php on line 268

2021-09-30T15:17:24+00:00 CRITICAL Uncaught Error: Object of class WP_Query could not be converted to string in C:\xampp\htdocs\Cooken\wp-content\themes\CookenTheme\templates\news.php:52
Stack trace:
#0 C:\xampp\htdocs\Cooken\wp-includes\template-loader.php(106): include()
#1 C:\xampp\htdocs\Cooken\wp-blog-header.php(19): require_once('C:\\xampp\\htdocs...')
#2 C:\xampp\htdocs\Cooken\index.php(17): require('C:\\xampp\\htdocs...')
#3 {main}
  thrown in C:\xampp\htdocs\Cooken\wp-content\themes\CookenTheme\templates\news.php on line 52

2021-09-30T15:29:01+00:00 CRITICAL Uncaught Error: Cannot use object of type WP_Query as array in C:\xampp\htdocs\Cooken\wp-content\themes\CookenTheme\templates\news.php:54
Stack trace:
#0 C:\xampp\htdocs\Cooken\wp-includes\template-loader.php(106): include()
#1 C:\xampp\htdocs\Cooken\wp-blog-header.php(19): require_once('C:\\xampp\\htdocs...')
#2 C:\xampp\htdocs\Cooken\index.php(17): require('C:\\xampp\\htdocs...')
#3 {main}
  thrown in C:\xampp\htdocs\Cooken\wp-content\themes\CookenTheme\templates\news.php on line 54

2021-09-30T15:29:49+00:00 CRITICAL Uncaught Error: Object of class WP_Query could not be converted to string in C:\xampp\htdocs\Cooken\wp-content\themes\CookenTheme\templates\news.php:54
Stack trace:
#0 C:\xampp\htdocs\Cooken\wp-includes\template-loader.php(106): include()
#1 C:\xampp\htdocs\Cooken\wp-blog-header.php(19): require_once('C:\\xampp\\htdocs...')
#2 C:\xampp\htdocs\Cooken\index.php(17): require('C:\\xampp\\htdocs...')
#3 {main}
  thrown in C:\xampp\htdocs\Cooken\wp-content\themes\CookenTheme\templates\news.php on line 54

2021-09-30T15:49:07+00:00 CRITICAL Uncaught Error: Object of class WP_Query could not be converted to string in C:\xampp\htdocs\Cooken\wp-content\themes\CookenTheme\templates\news.php:54
Stack trace:
#0 C:\xampp\htdocs\Cooken\wp-includes\template-loader.php(106): include()
#1 C:\xampp\htdocs\Cooken\wp-blog-header.php(19): require_once('C:\\xampp\\htdocs...')
#2 C:\xampp\htdocs\Cooken\index.php(17): require('C:\\xampp\\htdocs...')
#3 {main}
  thrown in C:\xampp\htdocs\Cooken\wp-content\themes\CookenTheme\templates\news.php on line 54

2021-09-30T15:52:05+00:00 CRITICAL syntax error, unexpected token ">" in C:\xampp\htdocs\Cooken\wp-content\themes\CookenTheme\templates\news.php on line 37

2021-09-30T16:22:55+00:00 CRITICAL Uncaught Error: Call to a member function have_posts() on array in C:\xampp\htdocs\Cooken\wp-content\themes\CookenTheme\templates\news.php:55
Stack trace:
#0 C:\xampp\htdocs\Cooken\wp-includes\template-loader.php(106): include()
#1 C:\xampp\htdocs\Cooken\wp-blog-header.php(19): require_once('C:\\xampp\\htdocs...')
#2 C:\xampp\htdocs\Cooken\index.php(17): require('C:\\xampp\\htdocs...')
#3 {main}
  thrown in C:\xampp\htdocs\Cooken\wp-content\themes\CookenTheme\templates\news.php on line 55

