2021-09-28T11:30:58+00:00 CRITICAL syntax error, unexpected token ".", expecting "(" in C:\xampp\htdocs\Cooken\wp-content\themes\CookenTheme\functions.php on line 224

2021-09-28T12:08:17+00:00 CRITICAL Uncaught Error: Call to a member function get_rating_count() on string in C:\xampp\htdocs\Cooken\wp-content\themes\CookenTheme\woocommerce\single-product\rating.php:28
Stack trace:
#0 C:\xampp\htdocs\Cooken\wp-content\plugins\woocommerce\includes\wc-core-functions.php(345): include()
#1 C:\xampp\htdocs\Cooken\wp-content\plugins\woocommerce\includes\wc-template-functions.php(1610): wc_get_template('single-product/...')
#2 C:\xampp\htdocs\Cooken\wp-includes\class-wp-hook.php(303): woocommerce_template_single_rating('')
#3 C:\xampp\htdocs\Cooken\wp-includes\class-wp-hook.php(327): WP_Hook->apply_filters(NULL, Array)
#4 C:\xampp\htdocs\Cooken\wp-includes\plugin.php(470): WP_Hook->do_action(Array)
#5 C:\xampp\htdocs\Cooken\wp-content\themes\CookenTheme\woocommerce\single-product.php(42): do_action('woocommerce_sin...')
#6 C:\xampp\htdocs\Cooken\wp-includes\template-loader.php(106): include('C:\\xampp\\htdocs...')
#7 C:\xampp\htdocs\Cooken\wp-blog-header.php(19): require_once('C:\\xampp\\htdocs...')
#8 C:\xampp\htdocs\Cooken\index.php(17): require('C:\\xampp\\htdocs...')
#9 {main}
  thrown in C:\xampp\htdocs\Cooken\wp-content\themes\CookenTheme\woocommerce\single-product\rating.php on line 28

2021-09-28T12:12:36+00:00 CRITICAL Uncaught Error: Call to a member function get_rating_count() on string in C:\xampp\htdocs\Cooken\wp-content\themes\CookenTheme\woocommerce\single-product\rating.php:28
Stack trace:
#0 C:\xampp\htdocs\Cooken\wp-content\plugins\woocommerce\includes\wc-core-functions.php(345): include()
#1 C:\xampp\htdocs\Cooken\wp-content\plugins\woocommerce\includes\wc-template-functions.php(1610): wc_get_template('single-product/...')
#2 C:\xampp\htdocs\Cooken\wp-includes\class-wp-hook.php(303): woocommerce_template_single_rating('')
#3 C:\xampp\htdocs\Cooken\wp-includes\class-wp-hook.php(327): WP_Hook->apply_filters(NULL, Array)
#4 C:\xampp\htdocs\Cooken\wp-includes\plugin.php(470): WP_Hook->do_action(Array)
#5 C:\xampp\htdocs\Cooken\wp-content\themes\CookenTheme\woocommerce\single-product.php(55): do_action('woocommerce_sin...')
#6 C:\xampp\htdocs\Cooken\wp-includes\template-loader.php(106): include('C:\\xampp\\htdocs...')
#7 C:\xampp\htdocs\Cooken\wp-blog-header.php(19): require_once('C:\\xampp\\htdocs...')
#8 C:\xampp\htdocs\Cooken\index.php(17): require('C:\\xampp\\htdocs...')
#9 {main}
  thrown in C:\xampp\htdocs\Cooken\wp-content\themes\CookenTheme\woocommerce\single-product\rating.php on line 28

2021-09-28T12:13:21+00:00 CRITICAL Uncaught Error: Call to a member function get_rating_count() on string in C:\xampp\htdocs\Cooken\wp-content\themes\CookenTheme\woocommerce\single-product.php:22
Stack trace:
#0 C:\xampp\htdocs\Cooken\wp-includes\template-loader.php(106): include()
#1 C:\xampp\htdocs\Cooken\wp-blog-header.php(19): require_once('C:\\xampp\\htdocs...')
#2 C:\xampp\htdocs\Cooken\index.php(17): require('C:\\xampp\\htdocs...')
#3 {main}
  thrown in C:\xampp\htdocs\Cooken\wp-content\themes\CookenTheme\woocommerce\single-product.php on line 22

2021-09-28T12:13:52+00:00 CRITICAL Uncaught Error: Call to a member function get_rating_count() on string in C:\xampp\htdocs\Cooken\wp-content\themes\CookenTheme\woocommerce\single-product\rating.php:28
Stack trace:
#0 C:\xampp\htdocs\Cooken\wp-content\plugins\woocommerce\includes\wc-core-functions.php(345): include()
#1 C:\xampp\htdocs\Cooken\wp-content\plugins\woocommerce\includes\wc-template-functions.php(1610): wc_get_template('single-product/...')
#2 C:\xampp\htdocs\Cooken\wp-includes\class-wp-hook.php(303): woocommerce_template_single_rating('')
#3 C:\xampp\htdocs\Cooken\wp-includes\class-wp-hook.php(327): WP_Hook->apply_filters(NULL, Array)
#4 C:\xampp\htdocs\Cooken\wp-includes\plugin.php(470): WP_Hook->do_action(Array)
#5 C:\xampp\htdocs\Cooken\wp-content\themes\CookenTheme\woocommerce\single-product.php(56): do_action('woocommerce_sin...')
#6 C:\xampp\htdocs\Cooken\wp-includes\template-loader.php(106): include('C:\\xampp\\htdocs...')
#7 C:\xampp\htdocs\Cooken\wp-blog-header.php(19): require_once('C:\\xampp\\htdocs...')
#8 C:\xampp\htdocs\Cooken\index.php(17): require('C:\\xampp\\htdocs...')
#9 {main}
  thrown in C:\xampp\htdocs\Cooken\wp-content\themes\CookenTheme\woocommerce\single-product\rating.php on line 28

2021-09-28T12:14:11+00:00 CRITICAL Uncaught Error: Call to a member function get_review_count() on string in C:\xampp\htdocs\Cooken\wp-content\themes\CookenTheme\woocommerce\single-product\rating.php:29
Stack trace:
#0 C:\xampp\htdocs\Cooken\wp-content\plugins\woocommerce\includes\wc-core-functions.php(345): include()
#1 C:\xampp\htdocs\Cooken\wp-content\plugins\woocommerce\includes\wc-template-functions.php(1610): wc_get_template('single-product/...')
#2 C:\xampp\htdocs\Cooken\wp-includes\class-wp-hook.php(303): woocommerce_template_single_rating('')
#3 C:\xampp\htdocs\Cooken\wp-includes\class-wp-hook.php(327): WP_Hook->apply_filters(NULL, Array)
#4 C:\xampp\htdocs\Cooken\wp-includes\plugin.php(470): WP_Hook->do_action(Array)
#5 C:\xampp\htdocs\Cooken\wp-content\themes\CookenTheme\woocommerce\single-product.php(56): do_action('woocommerce_sin...')
#6 C:\xampp\htdocs\Cooken\wp-includes\template-loader.php(106): include('C:\\xampp\\htdocs...')
#7 C:\xampp\htdocs\Cooken\wp-blog-header.php(19): require_once('C:\\xampp\\htdocs...')
#8 C:\xampp\htdocs\Cooken\index.php(17): require('C:\\xampp\\htdocs...')
#9 {main}
  thrown in C:\xampp\htdocs\Cooken\wp-content\themes\CookenTheme\woocommerce\single-product\rating.php on line 29

2021-09-28T12:14:19+00:00 CRITICAL Uncaught Error: Call to a member function get_price_html() on string in C:\xampp\htdocs\Cooken\wp-content\themes\CookenTheme\woocommerce\single-product\price.php:25
Stack trace:
#0 C:\xampp\htdocs\Cooken\wp-content\plugins\woocommerce\includes\wc-core-functions.php(345): include()
#1 C:\xampp\htdocs\Cooken\wp-content\plugins\woocommerce\includes\wc-template-functions.php(1620): wc_get_template('single-product/...')
#2 C:\xampp\htdocs\Cooken\wp-includes\class-wp-hook.php(303): woocommerce_template_single_price('')
#3 C:\xampp\htdocs\Cooken\wp-includes\class-wp-hook.php(327): WP_Hook->apply_filters(NULL, Array)
#4 C:\xampp\htdocs\Cooken\wp-includes\plugin.php(470): WP_Hook->do_action(Array)
#5 C:\xampp\htdocs\Cooken\wp-content\themes\CookenTheme\woocommerce\single-product.php(56): do_action('woocommerce_sin...')
#6 C:\xampp\htdocs\Cooken\wp-includes\template-loader.php(106): include('C:\\xampp\\htdocs...')
#7 C:\xampp\htdocs\Cooken\wp-blog-header.php(19): require_once('C:\\xampp\\htdocs...')
#8 C:\xampp\htdocs\Cooken\index.php(17): require('C:\\xampp\\htdocs...')
#9 {main}
  thrown in C:\xampp\htdocs\Cooken\wp-content\themes\CookenTheme\woocommerce\single-product\price.php on line 25

2021-09-28T12:16:18+00:00 CRITICAL Uncaught Error: Call to a member function get_price_html() on string in C:\xampp\htdocs\Cooken\wp-content\themes\CookenTheme\woocommerce\single-product\price.php:25
Stack trace:
#0 C:\xampp\htdocs\Cooken\wp-content\plugins\woocommerce\includes\wc-core-functions.php(345): include()
#1 C:\xampp\htdocs\Cooken\wp-content\plugins\woocommerce\includes\wc-template-functions.php(1620): wc_get_template('single-product/...')
#2 C:\xampp\htdocs\Cooken\wp-includes\class-wp-hook.php(303): woocommerce_template_single_price('')
#3 C:\xampp\htdocs\Cooken\wp-includes\class-wp-hook.php(327): WP_Hook->apply_filters(NULL, Array)
#4 C:\xampp\htdocs\Cooken\wp-includes\plugin.php(470): WP_Hook->do_action(Array)
#5 C:\xampp\htdocs\Cooken\wp-content\themes\CookenTheme\woocommerce\single-product.php(56): do_action('woocommerce_sin...')
#6 C:\xampp\htdocs\Cooken\wp-includes\template-loader.php(106): include('C:\\xampp\\htdocs...')
#7 C:\xampp\htdocs\Cooken\wp-blog-header.php(19): require_once('C:\\xampp\\htdocs...')
#8 C:\xampp\htdocs\Cooken\index.php(17): require('C:\\xampp\\htdocs...')
#9 {main}
  thrown in C:\xampp\htdocs\Cooken\wp-content\themes\CookenTheme\woocommerce\single-product\price.php on line 25

2021-09-28T12:16:26+00:00 CRITICAL Uncaught Error: Call to a member function get_rating_count() on string in C:\xampp\htdocs\Cooken\wp-content\themes\CookenTheme\woocommerce\single-product\rating.php:28
Stack trace:
#0 C:\xampp\htdocs\Cooken\wp-content\plugins\woocommerce\includes\wc-core-functions.php(345): include()
#1 C:\xampp\htdocs\Cooken\wp-content\plugins\woocommerce\includes\wc-template-functions.php(1610): wc_get_template('single-product/...')
#2 C:\xampp\htdocs\Cooken\wp-includes\class-wp-hook.php(303): woocommerce_template_single_rating('')
#3 C:\xampp\htdocs\Cooken\wp-includes\class-wp-hook.php(327): WP_Hook->apply_filters(NULL, Array)
#4 C:\xampp\htdocs\Cooken\wp-includes\plugin.php(470): WP_Hook->do_action(Array)
#5 C:\xampp\htdocs\Cooken\wp-content\themes\CookenTheme\woocommerce\single-product.php(56): do_action('woocommerce_sin...')
#6 C:\xampp\htdocs\Cooken\wp-includes\template-loader.php(106): include('C:\\xampp\\htdocs...')
#7 C:\xampp\htdocs\Cooken\wp-blog-header.php(19): require_once('C:\\xampp\\htdocs...')
#8 C:\xampp\htdocs\Cooken\index.php(17): require('C:\\xampp\\htdocs...')
#9 {main}
  thrown in C:\xampp\htdocs\Cooken\wp-content\themes\CookenTheme\woocommerce\single-product\rating.php on line 28

2021-09-28T15:33:03+00:00 CRITICAL Unclosed '{' on line 270 in C:\xampp\htdocs\Cooken\wp-content\themes\CookenTheme\functions.php on line 282

2021-09-28T15:38:12+00:00 CRITICAL syntax error, unexpected token "<" in C:\xampp\htdocs\Cooken\wp-content\themes\CookenTheme\functions.php on line 273

2021-09-28T15:41:23+00:00 CRITICAL syntax error, unexpected token "}", expecting "," or ";" in C:\xampp\htdocs\Cooken\wp-content\themes\CookenTheme\functions.php on line 287

