2021-09-17T11:43:22+00:00 CRITICAL Uncaught Error: Call to undefined function is_activate_sidebar() in C:\xampp\htdocs\Cooken\wp-content\themes\CookenTheme\sidebar.php:3
Stack trace:
#0 C:\xampp\htdocs\Cooken\wp-includes\template.php(770): require_once()
#1 C:\xampp\htdocs\Cooken\wp-includes\template.php(716): load_template('C:\\xampp\\htdocs...', true, Array)
#2 C:\xampp\htdocs\Cooken\wp-includes\general-template.php(136): locate_template(Array, true, true, Array)
#3 C:\xampp\htdocs\Cooken\wp-content\themes\CookenTheme\woocommerce\global\sidebar.php(22): get_sidebar('shop')
#4 C:\xampp\htdocs\Cooken\wp-content\plugins\woocommerce\includes\wc-core-functions.php(345): include('C:\\xampp\\htdocs...')
#5 C:\xampp\htdocs\Cooken\wp-content\plugins\woocommerce\includes\wc-template-functions.php(1039): wc_get_template('global/sidebar....')
#6 C:\xampp\htdocs\Cooken\wp-includes\class-wp-hook.php(303): woocommerce_get_sidebar('')
#7 C:\xampp\htdocs\Cooken\wp-includes\class-wp-hook.php(327): WP_Hook->apply_filters('', Array)
#8 C:\xampp\htdocs\Cooken\wp-includes\plugin.php(470): WP_Hook->do_action(Array)
#9 C:\xampp\htdocs\Cooken\wp-content\themes\CookenTheme\woocommerce\archive-product.php(103): do_action('woocommerce_sid...')
#10 C:\xampp\htdocs\Cooken\wp-includes\template-loader.php(106): include('C:\\xampp\\htdocs...')
#11 C:\xampp\htdocs\Cooken\wp-blog-header.php(19): require_once('C:\\xampp\\htdocs...')
#12 C:\xampp\htdocs\Cooken\index.php(17): require('C:\\xampp\\htdocs...')
#13 {main}
  thrown in C:\xampp\htdocs\Cooken\wp-content\themes\CookenTheme\sidebar.php on line 3

2021-09-17T11:45:17+00:00 CRITICAL Uncaught TypeError: call_user_func_array(): Argument #1 ($function) must be a valid callback, function "custom_woocommerce_catalog_orderby" not found or invalid function name in C:\xampp\htdocs\Cooken\wp-includes\class-wp-hook.php:303
Stack trace:
#0 C:\xampp\htdocs\Cooken\wp-includes\plugin.php(189): WP_Hook->apply_filters(Array, Array)
#1 C:\xampp\htdocs\Cooken\wp-content\plugins\woocommerce\includes\wc-template-functions.php(1455): apply_filters('woocommerce_cat...', Array)
#2 C:\xampp\htdocs\Cooken\wp-includes\class-wp-hook.php(303): woocommerce_catalog_ordering('')
#3 C:\xampp\htdocs\Cooken\wp-includes\class-wp-hook.php(327): WP_Hook->apply_filters(NULL, Array)
#4 C:\xampp\htdocs\Cooken\wp-includes\plugin.php(470): WP_Hook->do_action(Array)
#5 C:\xampp\htdocs\Cooken\wp-content\plugins\woocommerce\includes\shortcodes\class-wc-shortcode-products.php(646): do_action('woocommerce_bef...')
#6 C:\xampp\htdocs\Cooken\wp-content\plugins\woocommerce\includes\shortcodes\class-wc-shortcode-products.php(100): WC_Shortcode_Products->product_loop()
#7 C:\xampp\htdocs\Cooken\wp-content\plugins\woocommerce\includes\class-wc-template-loader.php(348): WC_Shortcode_Products->get_content()
#8 C:\xampp\htdocs\Cooken\wp-content\plugins\woocommerce\includes\class-wc-template-loader.php(256): WC_Template_Loader::unsupported_theme_tax_archive_init()
#9 C:\xampp\htdocs\Cooken\wp-includes\class-wp-hook.php(303): WC_Template_Loader::unsupported_theme_init('')
#10 C:\xampp\htdocs\Cooken\wp-includes\class-wp-hook.php(327): WP_Hook->apply_filters(NULL, Array)
#11 C:\xampp\htdocs\Cooken\wp-includes\plugin.php(470): WP_Hook->do_action(Array)
#12 C:\xampp\htdocs\Cooken\wp-includes\template-loader.php(13): do_action('template_redire...')
#13 C:\xampp\htdocs\Cooken\wp-blog-header.php(19): require_once('C:\\xampp\\htdocs...')
#14 C:\xampp\htdocs\Cooken\index.php(17): require('C:\\xampp\\htdocs...')
#15 {main}
  thrown in C:\xampp\htdocs\Cooken\wp-includes\class-wp-hook.php on line 303

2021-09-17T11:46:13+00:00 CRITICAL Uncaught Error: Call to undefined function is_activate_sidebar() in C:\xampp\htdocs\Cooken\wp-content\themes\CookenTheme\sidebar.php:3
Stack trace:
#0 C:\xampp\htdocs\Cooken\wp-includes\template.php(770): require_once()
#1 C:\xampp\htdocs\Cooken\wp-includes\template.php(716): load_template('C:\\xampp\\htdocs...', true, Array)
#2 C:\xampp\htdocs\Cooken\wp-includes\general-template.php(136): locate_template(Array, true, true, Array)
#3 C:\xampp\htdocs\Cooken\wp-content\themes\CookenTheme\woocommerce\global\sidebar.php(22): get_sidebar('shop')
#4 C:\xampp\htdocs\Cooken\wp-content\plugins\woocommerce\includes\wc-core-functions.php(345): include('C:\\xampp\\htdocs...')
#5 C:\xampp\htdocs\Cooken\wp-content\plugins\woocommerce\includes\wc-template-functions.php(1039): wc_get_template('global/sidebar....')
#6 C:\xampp\htdocs\Cooken\wp-includes\class-wp-hook.php(303): woocommerce_get_sidebar('')
#7 C:\xampp\htdocs\Cooken\wp-includes\class-wp-hook.php(327): WP_Hook->apply_filters('', Array)
#8 C:\xampp\htdocs\Cooken\wp-includes\plugin.php(470): WP_Hook->do_action(Array)
#9 C:\xampp\htdocs\Cooken\wp-content\themes\CookenTheme\woocommerce\archive-product.php(103): do_action('woocommerce_sid...')
#10 C:\xampp\htdocs\Cooken\wp-includes\template-loader.php(106): include('C:\\xampp\\htdocs...')
#11 C:\xampp\htdocs\Cooken\wp-blog-header.php(19): require_once('C:\\xampp\\htdocs...')
#12 C:\xampp\htdocs\Cooken\index.php(17): require('C:\\xampp\\htdocs...')
#13 {main}
  thrown in C:\xampp\htdocs\Cooken\wp-content\themes\CookenTheme\sidebar.php on line 3

2021-09-17T11:48:06+00:00 CRITICAL Uncaught TypeError: call_user_func_array(): Argument #1 ($function) must be a valid callback, function "custom_woocommerce_catalog_orderby" not found or invalid function name in C:\xampp\htdocs\Cooken\wp-includes\class-wp-hook.php:303
Stack trace:
#0 C:\xampp\htdocs\Cooken\wp-includes\plugin.php(189): WP_Hook->apply_filters(Array, Array)
#1 C:\xampp\htdocs\Cooken\wp-content\plugins\woocommerce\includes\wc-template-functions.php(1455): apply_filters('woocommerce_cat...', Array)
#2 C:\xampp\htdocs\Cooken\wp-includes\class-wp-hook.php(303): woocommerce_catalog_ordering('')
#3 C:\xampp\htdocs\Cooken\wp-includes\class-wp-hook.php(327): WP_Hook->apply_filters(NULL, Array)
#4 C:\xampp\htdocs\Cooken\wp-includes\plugin.php(470): WP_Hook->do_action(Array)
#5 C:\xampp\htdocs\Cooken\wp-content\plugins\woocommerce\includes\shortcodes\class-wc-shortcode-products.php(646): do_action('woocommerce_bef...')
#6 C:\xampp\htdocs\Cooken\wp-content\plugins\woocommerce\includes\shortcodes\class-wc-shortcode-products.php(100): WC_Shortcode_Products->product_loop()
#7 C:\xampp\htdocs\Cooken\wp-content\plugins\woocommerce\includes\class-wc-template-loader.php(348): WC_Shortcode_Products->get_content()
#8 C:\xampp\htdocs\Cooken\wp-content\plugins\woocommerce\includes\class-wc-template-loader.php(256): WC_Template_Loader::unsupported_theme_tax_archive_init()
#9 C:\xampp\htdocs\Cooken\wp-includes\class-wp-hook.php(303): WC_Template_Loader::unsupported_theme_init('')
#10 C:\xampp\htdocs\Cooken\wp-includes\class-wp-hook.php(327): WP_Hook->apply_filters(NULL, Array)
#11 C:\xampp\htdocs\Cooken\wp-includes\plugin.php(470): WP_Hook->do_action(Array)
#12 C:\xampp\htdocs\Cooken\wp-includes\template-loader.php(13): do_action('template_redire...')
#13 C:\xampp\htdocs\Cooken\wp-blog-header.php(19): require_once('C:\\xampp\\htdocs...')
#14 C:\xampp\htdocs\Cooken\index.php(17): require('C:\\xampp\\htdocs...')
#15 {main}
  thrown in C:\xampp\htdocs\Cooken\wp-includes\class-wp-hook.php on line 303

2021-09-17T12:16:36+00:00 CRITICAL Uncaught Error: Call to undefined function is_activate_sidebar() in C:\xampp\htdocs\Cooken\wp-content\themes\CookenTheme\sidebar.php:3
Stack trace:
#0 C:\xampp\htdocs\Cooken\wp-includes\template.php(770): require_once()
#1 C:\xampp\htdocs\Cooken\wp-includes\template.php(716): load_template('C:\\xampp\\htdocs...', true, Array)
#2 C:\xampp\htdocs\Cooken\wp-includes\general-template.php(136): locate_template(Array, true, true, Array)
#3 C:\xampp\htdocs\Cooken\wp-content\themes\CookenTheme\woocommerce\global\sidebar.php(22): get_sidebar('shop')
#4 C:\xampp\htdocs\Cooken\wp-content\plugins\woocommerce\includes\wc-core-functions.php(345): include('C:\\xampp\\htdocs...')
#5 C:\xampp\htdocs\Cooken\wp-content\plugins\woocommerce\includes\wc-template-functions.php(1039): wc_get_template('global/sidebar....')
#6 C:\xampp\htdocs\Cooken\wp-includes\class-wp-hook.php(303): woocommerce_get_sidebar('')
#7 C:\xampp\htdocs\Cooken\wp-includes\class-wp-hook.php(327): WP_Hook->apply_filters('', Array)
#8 C:\xampp\htdocs\Cooken\wp-includes\plugin.php(470): WP_Hook->do_action(Array)
#9 C:\xampp\htdocs\Cooken\wp-content\themes\CookenTheme\woocommerce\archive-product.php(103): do_action('woocommerce_sid...')
#10 C:\xampp\htdocs\Cooken\wp-includes\template-loader.php(106): include('C:\\xampp\\htdocs...')
#11 C:\xampp\htdocs\Cooken\wp-blog-header.php(19): require_once('C:\\xampp\\htdocs...')
#12 C:\xampp\htdocs\Cooken\index.php(17): require('C:\\xampp\\htdocs...')
#13 {main}
  thrown in C:\xampp\htdocs\Cooken\wp-content\themes\CookenTheme\sidebar.php on line 3

2021-09-17T12:21:32+00:00 CRITICAL Uncaught TypeError: call_user_func_array(): Argument #1 ($function) must be a valid callback, function "custom_woocommerce_catalog_orderby" not found or invalid function name in C:\xampp\htdocs\Cooken\wp-includes\class-wp-hook.php:303
Stack trace:
#0 C:\xampp\htdocs\Cooken\wp-includes\plugin.php(189): WP_Hook->apply_filters(Array, Array)
#1 C:\xampp\htdocs\Cooken\wp-content\plugins\woocommerce\includes\wc-template-functions.php(1455): apply_filters('woocommerce_cat...', Array)
#2 C:\xampp\htdocs\Cooken\wp-includes\class-wp-hook.php(303): woocommerce_catalog_ordering('')
#3 C:\xampp\htdocs\Cooken\wp-includes\class-wp-hook.php(327): WP_Hook->apply_filters(NULL, Array)
#4 C:\xampp\htdocs\Cooken\wp-includes\plugin.php(470): WP_Hook->do_action(Array)
#5 C:\xampp\htdocs\Cooken\wp-content\plugins\woocommerce\includes\shortcodes\class-wc-shortcode-products.php(646): do_action('woocommerce_bef...')
#6 C:\xampp\htdocs\Cooken\wp-content\plugins\woocommerce\includes\shortcodes\class-wc-shortcode-products.php(100): WC_Shortcode_Products->product_loop()
#7 C:\xampp\htdocs\Cooken\wp-content\plugins\woocommerce\includes\class-wc-template-loader.php(348): WC_Shortcode_Products->get_content()
#8 C:\xampp\htdocs\Cooken\wp-content\plugins\woocommerce\includes\class-wc-template-loader.php(256): WC_Template_Loader::unsupported_theme_tax_archive_init()
#9 C:\xampp\htdocs\Cooken\wp-includes\class-wp-hook.php(303): WC_Template_Loader::unsupported_theme_init('')
#10 C:\xampp\htdocs\Cooken\wp-includes\class-wp-hook.php(327): WP_Hook->apply_filters(NULL, Array)
#11 C:\xampp\htdocs\Cooken\wp-includes\plugin.php(470): WP_Hook->do_action(Array)
#12 C:\xampp\htdocs\Cooken\wp-includes\template-loader.php(13): do_action('template_redire...')
#13 C:\xampp\htdocs\Cooken\wp-blog-header.php(19): require_once('C:\\xampp\\htdocs...')
#14 C:\xampp\htdocs\Cooken\index.php(17): require('C:\\xampp\\htdocs...')
#15 {main}
  thrown in C:\xampp\htdocs\Cooken\wp-includes\class-wp-hook.php on line 303

2021-09-17T15:03:26+00:00 CRITICAL Uncaught TypeError: call_user_func_array(): Argument #1 ($function) must be a valid callback, function "custom_woocommerce_catalog_orderby" not found or invalid function name in C:\xampp\htdocs\Cooken\wp-includes\class-wp-hook.php:303
Stack trace:
#0 C:\xampp\htdocs\Cooken\wp-includes\plugin.php(189): WP_Hook->apply_filters(Array, Array)
#1 C:\xampp\htdocs\Cooken\wp-content\plugins\woocommerce\includes\wc-template-functions.php(1455): apply_filters('woocommerce_cat...', Array)
#2 C:\xampp\htdocs\Cooken\wp-includes\class-wp-hook.php(303): woocommerce_catalog_ordering('')
#3 C:\xampp\htdocs\Cooken\wp-includes\class-wp-hook.php(327): WP_Hook->apply_filters(NULL, Array)
#4 C:\xampp\htdocs\Cooken\wp-includes\plugin.php(470): WP_Hook->do_action(Array)
#5 C:\xampp\htdocs\Cooken\wp-content\plugins\woocommerce\includes\shortcodes\class-wc-shortcode-products.php(646): do_action('woocommerce_bef...')
#6 C:\xampp\htdocs\Cooken\wp-content\plugins\woocommerce\includes\shortcodes\class-wc-shortcode-products.php(100): WC_Shortcode_Products->product_loop()
#7 C:\xampp\htdocs\Cooken\wp-content\plugins\woocommerce\includes\class-wc-template-loader.php(348): WC_Shortcode_Products->get_content()
#8 C:\xampp\htdocs\Cooken\wp-content\plugins\woocommerce\includes\class-wc-template-loader.php(256): WC_Template_Loader::unsupported_theme_tax_archive_init()
#9 C:\xampp\htdocs\Cooken\wp-includes\class-wp-hook.php(303): WC_Template_Loader::unsupported_theme_init('')
#10 C:\xampp\htdocs\Cooken\wp-includes\class-wp-hook.php(327): WP_Hook->apply_filters(NULL, Array)
#11 C:\xampp\htdocs\Cooken\wp-includes\plugin.php(470): WP_Hook->do_action(Array)
#12 C:\xampp\htdocs\Cooken\wp-includes\template-loader.php(13): do_action('template_redire...')
#13 C:\xampp\htdocs\Cooken\wp-blog-header.php(19): require_once('C:\\xampp\\htdocs...')
#14 C:\xampp\htdocs\Cooken\index.php(17): require('C:\\xampp\\htdocs...')
#15 {main}
  thrown in C:\xampp\htdocs\Cooken\wp-includes\class-wp-hook.php on line 303

2021-09-17T15:10:25+00:00 CRITICAL syntax error, unexpected token "<", expecting end of file in C:\xampp\htdocs\Cooken\wp-content\themes\CookenTheme\functions.php on line 128

2021-09-17T15:10:37+00:00 CRITICAL Uncaught TypeError: call_user_func_array(): Argument #1 ($function) must be a valid callback, function "custom_woocommerce_catalog_orderby" not found or invalid function name in C:\xampp\htdocs\Cooken\wp-includes\class-wp-hook.php:303
Stack trace:
#0 C:\xampp\htdocs\Cooken\wp-includes\plugin.php(189): WP_Hook->apply_filters(Array, Array)
#1 C:\xampp\htdocs\Cooken\wp-content\plugins\woocommerce\includes\wc-template-functions.php(1455): apply_filters('woocommerce_cat...', Array)
#2 C:\xampp\htdocs\Cooken\wp-includes\class-wp-hook.php(303): woocommerce_catalog_ordering('')
#3 C:\xampp\htdocs\Cooken\wp-includes\class-wp-hook.php(327): WP_Hook->apply_filters(NULL, Array)
#4 C:\xampp\htdocs\Cooken\wp-includes\plugin.php(470): WP_Hook->do_action(Array)
#5 C:\xampp\htdocs\Cooken\wp-content\themes\CookenTheme\woocommerce\archive-product.php(57): do_action('woocommerce_bef...')
#6 C:\xampp\htdocs\Cooken\wp-includes\template-loader.php(106): include('C:\\xampp\\htdocs...')
#7 C:\xampp\htdocs\Cooken\wp-blog-header.php(19): require_once('C:\\xampp\\htdocs...')
#8 C:\xampp\htdocs\Cooken\index.php(17): require('C:\\xampp\\htdocs...')
#9 {main}
  thrown in C:\xampp\htdocs\Cooken\wp-includes\class-wp-hook.php on line 303

