2021-10-07T06:10:35+00:00 CRITICAL Uncaught Error: Call to undefined function flatsome_sticky_column_open() in C:\xampp\htdocs\Cooken\wp-content\themes\CookenTheme\woocommerce\cart\cart.php:190
Stack trace:
#0 C:\xampp\htdocs\Cooken\wp-content\plugins\woocommerce\includes\wc-core-functions.php(345): include()
#1 C:\xampp\htdocs\Cooken\wp-content\plugins\woocommerce\includes\shortcodes\class-wc-shortcode-cart.php(99): wc_get_template('cart/cart.php')
#2 C:\xampp\htdocs\Cooken\wp-content\plugins\woocommerce\includes\class-wc-shortcodes.php(72): WC_Shortcode_Cart::output(Array)
#3 C:\xampp\htdocs\Cooken\wp-content\plugins\woocommerce\includes\class-wc-shortcodes.php(85): WC_Shortcodes::shortcode_wrapper(Array)
#4 C:\xampp\htdocs\Cooken\wp-includes\shortcodes.php(356): WC_Shortcodes::cart('', '', 'woocommerce_car...')
#5 [internal function]: do_shortcode_tag(Array)
#6 C:\xampp\htdocs\Cooken\wp-includes\shortcodes.php(228): preg_replace_callback('/\\[(\\[?)(woocom...', 'do_shortcode_ta...', '[woocommerce_ca...')
#7 C:\xampp\htdocs\Cooken\wp-includes\class-wp-hook.php(303): do_shortcode('[woocommerce_ca...')
#8 C:\xampp\htdocs\Cooken\wp-includes\plugin.php(189): WP_Hook->apply_filters('[woocommerce_ca...', Array)
#9 C:\xampp\htdocs\Cooken\wp-includes\post-template.php(253): apply_filters('the_content', '<!-- wp:shortco...')
#10 C:\xampp\htdocs\Cooken\wp-content\themes\CookenTheme\page.php(26): the_content()
#11 C:\xampp\htdocs\Cooken\wp-includes\template-loader.php(106): include('C:\\xampp\\htdocs...')
#12 C:\xampp\htdocs\Cooken\wp-blog-header.php(19): require_once('C:\\xampp\\htdocs...')
#13 C:\xampp\htdocs\Cooken\index.php(17): require('C:\\xampp\\htdocs...')
#14 {main}
  thrown in C:\xampp\htdocs\Cooken\wp-content\themes\CookenTheme\woocommerce\cart\cart.php on line 190

2021-10-07T06:10:54+00:00 CRITICAL Uncaught Error: Call to undefined function get_flatsome_icon() in C:\xampp\htdocs\Cooken\wp-content\themes\CookenTheme\woocommerce\cart\cart.php:205
Stack trace:
#0 C:\xampp\htdocs\Cooken\wp-content\plugins\woocommerce\includes\wc-core-functions.php(345): include()
#1 C:\xampp\htdocs\Cooken\wp-content\plugins\woocommerce\includes\shortcodes\class-wc-shortcode-cart.php(99): wc_get_template('cart/cart.php')
#2 C:\xampp\htdocs\Cooken\wp-content\plugins\woocommerce\includes\class-wc-shortcodes.php(72): WC_Shortcode_Cart::output(Array)
#3 C:\xampp\htdocs\Cooken\wp-content\plugins\woocommerce\includes\class-wc-shortcodes.php(85): WC_Shortcodes::shortcode_wrapper(Array)
#4 C:\xampp\htdocs\Cooken\wp-includes\shortcodes.php(356): WC_Shortcodes::cart('', '', 'woocommerce_car...')
#5 [internal function]: do_shortcode_tag(Array)
#6 C:\xampp\htdocs\Cooken\wp-includes\shortcodes.php(228): preg_replace_callback('/\\[(\\[?)(woocom...', 'do_shortcode_ta...', '[woocommerce_ca...')
#7 C:\xampp\htdocs\Cooken\wp-includes\class-wp-hook.php(303): do_shortcode('[woocommerce_ca...')
#8 C:\xampp\htdocs\Cooken\wp-includes\plugin.php(189): WP_Hook->apply_filters('[woocommerce_ca...', Array)
#9 C:\xampp\htdocs\Cooken\wp-includes\post-template.php(253): apply_filters('the_content', '<!-- wp:shortco...')
#10 C:\xampp\htdocs\Cooken\wp-content\themes\CookenTheme\page.php(26): the_content()
#11 C:\xampp\htdocs\Cooken\wp-includes\template-loader.php(106): include('C:\\xampp\\htdocs...')
#12 C:\xampp\htdocs\Cooken\wp-blog-header.php(19): require_once('C:\\xampp\\htdocs...')
#13 C:\xampp\htdocs\Cooken\index.php(17): require('C:\\xampp\\htdocs...')
#14 {main}
  thrown in C:\xampp\htdocs\Cooken\wp-content\themes\CookenTheme\woocommerce\cart\cart.php on line 205

